<?xml version="1.0" encoding="UTF-8"?>
<!-- Generated by org.testng.reporters.JUnitReportReporter -->
<testsuite hostname="Akatsuki" failures="0" tests="1" name="test.TestFlightBooking" time="18.253" errors="0" timestamp="10 Aug 2019 17:37:22 GMT" skipped="0">
  <testcase classname="test.TestFlightBooking" name="FlightBooking" time="18.253"/>
</testsuite> <!-- test.TestFlightBooking -->
